Determining if the pthread_create exist failed with the following output:
Change Dir: /home/svetoslav/Documents/GitHub/GameEngine/Game-Engine/build/CMakeFiles/CMakeTmp

Run Build Command:"/usr/bin/make" "cmTC_0a4df/fast"
/usr/bin/make -f CMakeFiles/cmTC_0a4df.dir/build.make CMakeFiles/cmTC_0a4df.dir/build
make[1]: Entering directory '/home/svetoslav/Documents/GitHub/GameEngine/Game-Engine/build/CMakeFiles/CMakeTmp'
Building CXX object CMakeFiles/cmTC_0a4df.dir/CheckSymbolExists.cxx.o
/usr/bin/c++     -o CMakeFiles/cmTC_0a4df.dir/CheckSymbolExists.cxx.o -c /home/svetoslav/Documents/GitHub/GameEngine/Game-Engine/build/CMakeFiles/CMakeTmp/CheckSymbolExists.cxx
Linking CXX executable cmTC_0a4df
/usr/bin/cmake -E cmake_link_script CMakeFiles/cmTC_0a4df.dir/link.txt --verbose=1
/usr/bin/c++       CMakeFiles/cmTC_0a4df.dir/CheckSymbolExists.cxx.o  -o cmTC_0a4df 
CMakeFiles/cmTC_0a4df.dir/CheckSymbolExists.cxx.o: In function `main':
CheckSymbolExists.cxx:(.text+0x1b): undefined reference to `pthread_create'
collect2: error: ld returned 1 exit status
CMakeFiles/cmTC_0a4df.dir/build.make:97: recipe for target 'cmTC_0a4df' failed
make[1]: *** [cmTC_0a4df] Error 1
make[1]: Leaving directory '/home/svetoslav/Documents/GitHub/GameEngine/Game-Engine/build/CMakeFiles/CMakeTmp'
Makefile:126: recipe for target 'cmTC_0a4df/fast' failed
make: *** [cmTC_0a4df/fast] Error 2

File /home/svetoslav/Documents/GitHub/GameEngine/Game-Engine/build/CMakeFiles/CMakeTmp/CheckSymbolExists.cxx:
/* */
#include <pthread.h>

int main(int argc, char** argv)
{
  (void)argv;
#ifndef pthread_create
  return ((int*)(&pthread_create))[argc];
#else
  (void)argc;
  return 0;
#endif
}

Determining if the function pthread_create exists in the pthreads failed with the following output:
Change Dir: /home/svetoslav/Documents/GitHub/GameEngine/Game-Engine/build/CMakeFiles/CMakeTmp

Run Build Command:"/usr/bin/make" "cmTC_1ff51/fast"
/usr/bin/make -f CMakeFiles/cmTC_1ff51.dir/build.make CMakeFiles/cmTC_1ff51.dir/build
make[1]: Entering directory '/home/svetoslav/Documents/GitHub/GameEngine/Game-Engine/build/CMakeFiles/CMakeTmp'
Building CXX object CMakeFiles/cmTC_1ff51.dir/CheckFunctionExists.cxx.o
/usr/bin/c++    -DCHECK_FUNCTION_EXISTS=pthread_create   -o CMakeFiles/cmTC_1ff51.dir/CheckFunctionExists.cxx.o -c /home/svetoslav/Documents/GitHub/GameEngine/Game-Engine/build/CMakeFiles/CheckLibraryExists/CheckFunctionExists.cxx
Linking CXX executable cmTC_1ff51
/usr/bin/cmake -E cmake_link_script CMakeFiles/cmTC_1ff51.dir/link.txt --verbose=1
/usr/bin/c++   -DCHECK_FUNCTION_EXISTS=pthread_create    CMakeFiles/cmTC_1ff51.dir/CheckFunctionExists.cxx.o  -o cmTC_1ff51 -lpthreads 
/usr/bin/ld: cannot find -lpthreads
collect2: error: ld returned 1 exit status
CMakeFiles/cmTC_1ff51.dir/build.make:97: recipe for target 'cmTC_1ff51' failed
make[1]: *** [cmTC_1ff51] Error 1
make[1]: Leaving directory '/home/svetoslav/Documents/GitHub/GameEngine/Game-Engine/build/CMakeFiles/CMakeTmp'
Makefile:126: recipe for target 'cmTC_1ff51/fast' failed
make: *** [cmTC_1ff51/fast] Error 2


